-- Found ament_cmake: 0.9.9 (/opt/ros/foxy/share/ament_cmake/cmake)
-- Using PYTHON_EXECUTABLE: /usr/bin/python3
-- Found rclcpp: 2.4.1 (/opt/ros/foxy/share/rclcpp/cmake)
-- Using all available rosidl_typesupport_c: rosidl_typesupport_fastrtps_c;rosidl_typesupport_introspection_c
-- Found rosidl_adapter: 1.2.1 (/opt/ros/foxy/share/rosidl_adapter/cmake)
-- Using all available rosidl_typesupport_cpp: rosidl_typesupport_fastrtps_cpp;rosidl_typesupport_introspection_cpp
-- Found rmw_implementation_cmake: 1.0.3 (/opt/ros/foxy/share/rmw_implementation_cmake/cmake)
-- Using RMW implementation 'rmw_fastrtps_cpp' as default
-- Found example_interfaces: 0.9.1 (/opt/ros/foxy/share/example_interfaces/cmake)
-- Found my_robot_interfaces: 0.0.0 (/home/redi/ros2_ws/install/my_robot_interfaces/share/my_robot_interfaces/cmake)
-- Configuring done
-- Generating done
-- Build files have been written to: /home/redi/ros2_ws/build/my_cpp_pkg
[35m[1mScanning dependencies of target LED_node[0m
[  9%] Built target cpp_node
[ 40%] Built target add_two_ints_client
[ 45%] Built target smartphone
[ 45%] Built target number_publisher
[ 45%] Built target number_counter
[ 54%] Built target robot_news_station
[ 63%] Built target add_two_ints_client_no_oop
[35m[1mScanning dependencies of target battery_node[0m
[ 68%] [32mBuilding CXX object CMakeFiles/LED_node.dir/src/LEDNode.cpp.o[0m
[ 77%] Built target add_two_ints_server
[ 86%] Built target hardware_status_publisher
[ 90%] [32mBuilding CXX object CMakeFiles/battery_node.dir/src/batteryNode.cpp.o[0m
[01m[K/home/redi/ros2_ws/src/my_cpp_pkg/src/batteryNode.cpp:[m[K In member function â€˜[01m[Kvoid BatteryNode::emptyBatteryCallBack()[m[Kâ€™:
[01m[K/home/redi/ros2_ws/src/my_cpp_pkg/src/batteryNode.cpp:16:13:[m[K [01;31m[Kerror: [m[Kâ€˜[01m[Kstruct my_robot_interfaces::srv::SetLed[m[Kâ€™ has no member named â€˜[01m[Kled_number[m[Kâ€™
   16 |         msg.[01;31m[Kled_number[m[K = 3;
      |             [01;31m[K^~~~~~~~~~[m[K
make[2]: *** [CMakeFiles/battery_node.dir/build.make:63: CMakeFiles/battery_node.dir/src/batteryNode.cpp.o] Error 1
make[1]: *** [CMakeFiles/Makefile2:422: CMakeFiles/battery_node.dir/all] Error 2
make[1]: *** Waiting for unfinished jobs....
[ 95%] [32m[1mLinking CXX executable LED_node[0m
[ 95%] Built target LED_node
make: *** [Makefile:141: all] Error 2
