[0.011s] Invoking command in '/home/redi/ros2_ws/build/catch_turtles': CMAKE_PREFIX_PATH=${CMAKE_PREFIX_PATH}:/home/redi/ros2_ws/install/my_py_pkg:/opt/ros/foxy /usr/bin/cmake --build /home/redi/ros2_ws/build/catch_turtles -- -j8 -l8
[0.059s] [35m[1mScanning dependencies of target turtle_controller[0m
[0.078s] [ 50%] Built target turtle_spawner
[0.086s] [ 75%] [32mBuilding CXX object CMakeFiles/turtle_controller.dir/src/turtle_controller.cpp.o[0m
[1.394s] [01m[K/home/redi/ros2_ws/src/catch_turtles/src/turtle_controller.cpp:[m[K In member function â€˜[01m[Kvoid TurtleControllerNode::reachTarget(float, float)[m[Kâ€™:
[1.394s] [01m[K/home/redi/ros2_ws/src/catch_turtles/src/turtle_controller.cpp:70:94:[m[K [01;31m[Kerror: [m[Kno matching function for call to â€˜[01m[Katan2(float)[m[Kâ€™
[1.394s]    70 | s(y - this->y) / fabs(x - this->x)[01;31m[K)[m[K : 0;
[1.394s]       |                                   [01;31m[K^[m[K
[1.395s] 
[1.395s] In file included from [01m[K/usr/include/features.h:461[m[K,
[1.395s]                  from [01m[K/usr/include/x86_64-linux-gnu/c++/9/bits/os_defines.h:39[m[K,
[1.395s]                  from [01m[K/usr/include/x86_64-linux-gnu/c++/9/bits/c++config.h:528[m[K,
[1.395s]                  from [01m[K/usr/include/c++/9/csignal:41[m[K,
[1.395s]                  from [01m[K/opt/ros/foxy/include/rclcpp/rclcpp.hpp:143[m[K,
[1.395s]                  from [01m[K/home/redi/ros2_ws/src/catch_turtles/src/turtle_controller.cpp:1[m[K:
[1.395s] [01m[K/usr/include/x86_64-linux-gnu/bits/mathcalls.h:59:1:[m[K [01;36m[Knote: [m[Kcandidate: â€˜[01m[Kdouble atan2(double, double)[m[Kâ€™
[1.396s]    59 | [01;36m[K__MATHCALL[m[K (atan2,, (_Mdouble_ __y, _Mdouble_ __x));
[1.396s]       | [01;36m[K^~~~~~~~~~[m[K
[1.396s] [01m[K/usr/include/x86_64-linux-gnu/bits/mathcalls.h:59:1:[m[K [01;36m[Knote: [m[K  candidate expects 2 arguments, 1 provided
[1.396s] In file included from [01m[K/opt/ros/foxy/include/libstatistics_collector/moving_average_statistics/types.hpp:18[m[K,
[1.396s]                  from [01m[K/opt/ros/foxy/include/libstatistics_collector/collector/generate_statistics_message.hpp:24[m[K,
[1.396s]                  from [01m[K/opt/ros/foxy/include/rclcpp/topic_statistics/subscription_topic_statistics.hpp:23[m[K,
[1.396s]                  from [01m[K/opt/ros/foxy/include/rclcpp/subscription.hpp:50[m[K,
[1.396s]                  from [01m[K/opt/ros/foxy/include/rclcpp/any_executable.hpp:25[m[K,
[1.397s]                  from [01m[K/opt/ros/foxy/include/rclcpp/memory_strategy.hpp:24[m[K,
[1.397s]                  from [01m[K/opt/ros/foxy/include/rclcpp/memory_strategies.hpp:18[m[K,
[1.397s]                  from [01m[K/opt/ros/foxy/include/rclcpp/executor_options.hpp:20[m[K,
[1.397s]                  from [01m[K/opt/ros/foxy/include/rclcpp/executor.hpp:33[m[K,
[1.397s]                  from [01m[K/opt/ros/foxy/include/rclcpp/executors/multi_threaded_executor.hpp:26[m[K,
[1.397s]                  from [01m[K/opt/ros/foxy/include/rclcpp/executors.hpp:21[m[K,
[1.397s]                  from [01m[K/opt/ros/foxy/include/rclcpp/rclcpp.hpp:146[m[K,
[1.397s]                  from [01m[K/home/redi/ros2_ws/src/catch_turtles/src/turtle_controller.cpp:1[m[K:
[1.398s] [01m[K/usr/include/c++/9/cmath:155:5:[m[K [01;36m[Knote: [m[Kcandidate: â€˜[01m[Ktemplate<class _Tp, class _Up> constexpr typename __gnu_cxx::__promote_2<_Tp, _Up>::__type std::atan2(_Tp, _Up)[m[Kâ€™
[1.398s]   155 |     [01;36m[Katan2[m[K(_Tp __y, _Up __x)
[1.398s]       |     [01;36m[K^~~~~[m[K
[1.398s] [01m[K/usr/include/c++/9/cmath:155:5:[m[K [01;36m[Knote: [m[K  template argument deduction/substitution failed:
[1.398s] [01m[K/home/redi/ros2_ws/src/catch_turtles/src/turtle_controller.cpp:70:94:[m[K [01;36m[Knote: [m[K  candidate expects 2 arguments, 1 provided
[1.398s]    70 | s(y - this->y) / fabs(x - this->x)[01;36m[K)[m[K : 0;
[1.398s]       |                                   [01;36m[K^[m[K
[1.398s] 
[1.399s] In file included from [01m[K/opt/ros/foxy/include/libstatistics_collector/moving_average_statistics/types.hpp:18[m[K,
[1.399s]                  from [01m[K/opt/ros/foxy/include/libstatistics_collector/collector/generate_statistics_message.hpp:24[m[K,
[1.399s]                  from [01m[K/opt/ros/foxy/include/rclcpp/topic_statistics/subscription_topic_statistics.hpp:23[m[K,
[1.399s]                  from [01m[K/opt/ros/foxy/include/rclcpp/subscription.hpp:50[m[K,
[1.399s]                  from [01m[K/opt/ros/foxy/include/rclcpp/any_executable.hpp:25[m[K,
[1.399s]                  from [01m[K/opt/ros/foxy/include/rclcpp/memory_strategy.hpp:24[m[K,
[1.399s]                  from [01m[K/opt/ros/foxy/include/rclcpp/memory_strategies.hpp:18[m[K,
[1.400s]                  from [01m[K/opt/ros/foxy/include/rclcpp/executor_options.hpp:20[m[K,
[1.400s]                  from [01m[K/opt/ros/foxy/include/rclcpp/executor.hpp:33[m[K,
[1.400s]                  from [01m[K/opt/ros/foxy/include/rclcpp/executors/multi_threaded_executor.hpp:26[m[K,
[1.400s]                  from [01m[K/opt/ros/foxy/include/rclcpp/executors.hpp:21[m[K,
[1.400s]                  from [01m[K/opt/ros/foxy/include/rclcpp/rclcpp.hpp:146[m[K,
[1.400s]                  from [01m[K/home/redi/ros2_ws/src/catch_turtles/src/turtle_controller.cpp:1[m[K:
[1.400s] [01m[K/usr/include/c++/9/cmath:148:3:[m[K [01;36m[Knote: [m[Kcandidate: â€˜[01m[Kconstexpr long double std::atan2(long double, long double)[m[Kâ€™
[1.400s]   148 |   [01;36m[Katan2[m[K(long double __y, long double __x)
[1.400s]       |   [01;36m[K^~~~~[m[K
[1.401s] [01m[K/usr/include/c++/9/cmath:148:3:[m[K [01;36m[Knote: [m[K  candidate expects 2 arguments, 1 provided
[1.401s] [01m[K/usr/include/c++/9/cmath:144:3:[m[K [01;36m[Knote: [m[Kcandidate: â€˜[01m[Kconstexpr float std::atan2(float, float)[m[Kâ€™
[1.401s]   144 |   [01;36m[Katan2[m[K(float __y, float __x)
[1.401s]       |   [01;36m[K^~~~~[m[K
[1.401s] [01m[K/usr/include/c++/9/cmath:144:3:[m[K [01;36m[Knote: [m[K  candidate expects 2 arguments, 1 provided
[3.051s] make[2]: *** [CMakeFiles/turtle_controller.dir/build.make:63: CMakeFiles/turtle_controller.dir/src/turtle_controller.cpp.o] Error 1
[3.051s] make[1]: *** [CMakeFiles/Makefile2:80: CMakeFiles/turtle_controller.dir/all] Error 2
[3.051s] make: *** [Makefile:141: all] Error 2
[3.054s] Invoked command in '/home/redi/ros2_ws/build/catch_turtles' returned '2': CMAKE_PREFIX_PATH=${CMAKE_PREFIX_PATH}:/home/redi/ros2_ws/install/my_py_pkg:/opt/ros/foxy /usr/bin/cmake --build /home/redi/ros2_ws/build/catch_turtles -- -j8 -l8
