[01m[K/home/redi/ros2_ws/src/catch_turtles/src/turtle_controller.cpp:[m[K In member function â€˜[01m[Kvoid TurtleControllerNode::turtleSpawnCallBack(my_robot_interfaces::msg::AliveTurtles_<std::allocator<void> >::SharedPtr)[m[Kâ€™:
[01m[K/home/redi/ros2_ws/src/catch_turtles/src/turtle_controller.cpp:107:43:[m[K [01;31m[Kerror: [m[Kâ€˜[01m[Kconst SharedPtr[m[Kâ€™ {aka â€˜[01m[Kconst class std::shared_ptr<my_robot_interfaces::msg::AliveTurtles_<std::allocator<void> > >[m[Kâ€™} has no member named â€˜[01m[Kalive_turtles[m[Kâ€™
  107 | ->alive_turtles.push_back(msg.[01;31m[Kalive_turtles[m[K[msg.alive_turtles.size() - 1]);
      |                               [01;31m[K^~~~~~~~~~~~~[m[K

[01m[K/home/redi/ros2_ws/src/catch_turtles/src/turtle_controller.cpp:107:61:[m[K [01;31m[Kerror: [m[Kâ€˜[01m[Kconst SharedPtr[m[Kâ€™ {aka â€˜[01m[Kconst class std::shared_ptr<my_robot_interfaces::msg::AliveTurtles_<std::allocator<void> > >[m[Kâ€™} has no member named â€˜[01m[Kalive_turtles[m[Kâ€™
  107 | sh_back(msg.alive_turtles[msg.[01;31m[Kalive_turtles[m[K.size() - 1]);
      |                               [01;31m[K^~~~~~~~~~~~~[m[K

make[2]: *** [CMakeFiles/turtle_controller.dir/build.make:63: CMakeFiles/turtle_controller.dir/src/turtle_controller.cpp.o] Error 1
make[1]: *** [CMakeFiles/Makefile2:80: CMakeFiles/turtle_controller.dir/all] Error 2
make: *** [Makefile:141: all] Error 2
