[0.013s] Invoking command in '/home/redi/ros2_ws/build/catch_turtles': CMAKE_PREFIX_PATH=${CMAKE_PREFIX_PATH}:/home/redi/ros2_ws/install/my_py_pkg:/opt/ros/foxy /usr/bin/cmake --build /home/redi/ros2_ws/build/catch_turtles -- -j8 -l8
[0.085s] [35m[1mScanning dependencies of target turtle_controller[0m
[0.139s] [ 25%] [32mBuilding CXX object CMakeFiles/turtle_controller.dir/src/turtle_controller.cpp.o[0m
[0.139s] [ 75%] Built target turtle_spawner
[2.436s] [01m[K/home/redi/ros2_ws/src/catch_turtles/src/turtle_controller.cpp:[m[K In member function â€˜[01m[Kvoid TurtleControllerNode::reachTarget(float, float)[m[Kâ€™:
[2.436s] [01m[K/home/redi/ros2_ws/src/catch_turtles/src/turtle_controller.cpp:66:91:[m[K [01;31m[Kerror: [m[Kexpected â€˜[01m[K)[m[Kâ€™ before â€˜[01m[K;[m[Kâ€™ token
[2.436s]    66 |  = sqrt[34m[K([m[K((this->x - x) * (this->x - x)) + ((this->y - y) * (this->y - y))[01;31m[K;[m[K
[2.436s]       |        [34m[K~[m[K                                                                 [01;31m[K^[m[K
[2.437s]       |                                                                          [32m[K)[m[K
[4.424s] make[2]: *** [CMakeFiles/turtle_controller.dir/build.make:63: CMakeFiles/turtle_controller.dir/src/turtle_controller.cpp.o] Error 1
[4.424s] make[1]: *** [CMakeFiles/Makefile2:80: CMakeFiles/turtle_controller.dir/all] Error 2
[4.424s] make: *** [Makefile:141: all] Error 2
[4.428s] Invoked command in '/home/redi/ros2_ws/build/catch_turtles' returned '2': CMAKE_PREFIX_PATH=${CMAKE_PREFIX_PATH}:/home/redi/ros2_ws/install/my_py_pkg:/opt/ros/foxy /usr/bin/cmake --build /home/redi/ros2_ws/build/catch_turtles -- -j8 -l8
