[0.012s] Invoking command in '/home/redi/ros2_ws/build/my_cpp_pkg': CMAKE_PREFIX_PATH=${CMAKE_PREFIX_PATH}:/home/redi/ros2_ws/install/my_py_pkg:/opt/ros/foxy /usr/bin/cmake --build /home/redi/ros2_ws/build/my_cpp_pkg -- -j8 -l8
[0.086s] [ 18%] Built target smartphone
[0.087s] [ 18%] Built target cpp_node
[0.087s] [ 27%] Built target LED_node
[0.089s] [ 36%] Built target add_two_ints_client
[0.091s] [ 45%] Built target number_publisher
[0.091s] [ 54%] Built target number_counter
[0.100s] [ 63%] Built target robot_news_station
[0.101s] [ 72%] Built target add_two_ints_client_no_oop
[0.103s] [35m[1mScanning dependencies of target battery_node[0m
[0.120s] [ 81%] Built target add_two_ints_server
[0.120s] [ 90%] Built target hardware_status_publisher
[0.132s] [ 95%] [32mBuilding CXX object CMakeFiles/battery_node.dir/src/batteryNode.cpp.o[0m
[1.361s] [01m[K/home/redi/ros2_ws/src/my_cpp_pkg/src/batteryNode.cpp:[m[K In member function â€˜[01m[Kvoid BatteryNode::batteryEventCaller(bool)[m[Kâ€™:
[1.362s] [01m[K/home/redi/ros2_ws/src/my_cpp_pkg/src/batteryNode.cpp:27:13:[m[K [01;35m[Kwarning: [m[Kunused variable â€˜[01m[KtimeToSleep[m[Kâ€™ [[01;35m[K-Wunused-variable[m[K]
[1.362s]    27 |         int [01;35m[KtimeToSleep[m[K = state ? 4000 : 10000;
[1.362s]       |             [01;35m[K^~~~~~~~~~~[m[K
[1.674s] In file included from [01m[K/usr/include/c++/9/memory:65[m[K,
[1.674s]                  from [01m[K/opt/ros/foxy/include/rclcpp/rclcpp.hpp:144[m[K,
[1.674s]                  from [01m[K/home/redi/ros2_ws/src/my_cpp_pkg/src/batteryNode.cpp:1[m[K:
[1.674s] /usr/include/c++/9/bits/stl_uninitialized.h: In instantiation of â€˜[01m[K_ForwardIterator std::uninitialized_copy(_InputIterator, _InputIterator, _ForwardIterator) [with _InputIterator = const std::thread*; _ForwardIterator = std::thread*][m[Kâ€™:
[1.674s] [01m[K/usr/include/c++/9/bits/stl_uninitialized.h:307:37:[m[K   required from â€˜[01m[K_ForwardIterator std::__uninitialized_copy_a(_InputIterator, _InputIterator, _ForwardIterator, std::allocator<_Tp>&) [with _InputIterator = const std::thread*; _ForwardIterator = std::thread*; _Tp = std::thread][m[Kâ€™
[1.674s] [01m[K/usr/include/c++/9/bits/vector.tcc:330:35:[m[K   required from â€˜[01m[Kvoid std::vector<_Tp, _Alloc>::_M_assign_aux(_ForwardIterator, _ForwardIterator, std::forward_iterator_tag) [with _ForwardIterator = const std::thread*; _Tp = std::thread; _Alloc = std::allocator<std::thread>][m[Kâ€™
[1.674s] [01m[K/usr/include/c++/9/bits/stl_vector.h:729:2:[m[K   required from â€˜[01m[Kstd::vector<_Tp, _Alloc>& std::vector<_Tp, _Alloc>::operator=(std::initializer_list<_Tp>) [with _Tp = std::thread; _Alloc = std::allocator<std::thread>][m[Kâ€™
[1.675s] [01m[K/home/redi/ros2_ws/src/my_cpp_pkg/src/batteryNode.cpp:16:90:[m[K   required from here
[1.675s] [01m[K/usr/include/c++/9/bits/stl_uninitialized.h:127:72:[m[K [01;31m[Kerror: [m[Kstatic assertion failed: result type must be constructible from value type of input range
[1.675s]   127 |       static_assert(is_constructible<_ValueType2, decltype(*__first)>::[01;31m[Kvalue[m[K,
[1.675s]       |                                                                        [01;31m[K^~~~~[m[K
[1.737s] In file included from [01m[K/usr/include/c++/9/memory:62[m[K,
[1.737s]                  from [01m[K/opt/ros/foxy/include/rclcpp/rclcpp.hpp:144[m[K,
[1.737s]                  from [01m[K/home/redi/ros2_ws/src/my_cpp_pkg/src/batteryNode.cpp:1[m[K:
[1.737s] /usr/include/c++/9/bits/stl_algobase.h: In instantiation of â€˜[01m[Kstatic _OI std::__copy_move<false, false, std::random_access_iterator_tag>::__copy_m(_II, _II, _OI) [with _II = const std::thread*; _OI = std::thread*][m[Kâ€™:
[1.738s] [01m[K/usr/include/c++/9/bits/stl_algobase.h:404:30:[m[K   required from â€˜[01m[K_OI std::__copy_move_a(_II, _II, _OI) [with bool _IsMove = false; _II = const std::thread*; _OI = std::thread*][m[Kâ€™
[1.738s] [01m[K/usr/include/c++/9/bits/stl_algobase.h:441:30:[m[K   required from â€˜[01m[K_OI std::__copy_move_a2(_II, _II, _OI) [with bool _IsMove = false; _II = const std::thread*; _OI = std::thread*][m[Kâ€™
[1.738s] [01m[K/usr/include/c++/9/bits/stl_algobase.h:474:7:[m[K   required from â€˜[01m[K_OI std::copy(_II, _II, _OI) [with _II = const std::thread*; _OI = std::thread*][m[Kâ€™
[1.738s] [01m[K/usr/include/c++/9/bits/vector.tcc:321:29:[m[K   required from â€˜[01m[Kvoid std::vector<_Tp, _Alloc>::_M_assign_aux(_ForwardIterator, _ForwardIterator, std::forward_iterator_tag) [with _ForwardIterator = const std::thread*; _Tp = std::thread; _Alloc = std::allocator<std::thread>][m[Kâ€™
[1.738s] [01m[K/usr/include/c++/9/bits/stl_vector.h:729:2:[m[K   required from â€˜[01m[Kstd::vector<_Tp, _Alloc>& std::vector<_Tp, _Alloc>::operator=(std::initializer_list<_Tp>) [with _Tp = std::thread; _Alloc = std::allocator<std::thread>][m[Kâ€™
[1.738s] [01m[K/home/redi/ros2_ws/src/my_cpp_pkg/src/batteryNode.cpp:16:90:[m[K   required from here
[1.738s] [01m[K/usr/include/c++/9/bits/stl_algobase.h:342:18:[m[K [01;31m[Kerror: [m[Kuse of deleted function â€˜[01m[Kstd::thread& std::thread::operator=(const std::thread&)[m[Kâ€™
[1.738s]   342 |        [01;31m[K*__result = *__first[m[K;
[1.739s]       |        [01;31m[K~~~~~~~~~~^~~~~~~~~~[m[K
[1.739s] In file included from [01m[K/usr/include/c++/9/future:39[m[K,
[1.739s]                  from [01m[K/opt/ros/foxy/include/rclcpp/executors.hpp:18[m[K,
[1.739s]                  from [01m[K/opt/ros/foxy/include/rclcpp/rclcpp.hpp:146[m[K,
[1.739s]                  from [01m[K/home/redi/ros2_ws/src/my_cpp_pkg/src/batteryNode.cpp:1[m[K:
[1.739s] [01m[K/usr/include/c++/9/thread:147:13:[m[K [01;36m[Knote: [m[Kdeclared here
[1.739s]   147 |     thread& [01;36m[Koperator[m[K=(const thread&) = delete;
[1.739s]       |             [01;36m[K^~~~~~~~[m[K
[1.929s] make[2]: *** [CMakeFiles/battery_node.dir/build.make:63: CMakeFiles/battery_node.dir/src/batteryNode.cpp.o] Error 1
[1.929s] make[1]: *** [CMakeFiles/Makefile2:422: CMakeFiles/battery_node.dir/all] Error 2
[1.930s] make: *** [Makefile:141: all] Error 2
[1.932s] Invoked command in '/home/redi/ros2_ws/build/my_cpp_pkg' returned '2': CMAKE_PREFIX_PATH=${CMAKE_PREFIX_PATH}:/home/redi/ros2_ws/install/my_py_pkg:/opt/ros/foxy /usr/bin/cmake --build /home/redi/ros2_ws/build/my_cpp_pkg -- -j8 -l8
