[0.037s] Invoking command in '/home/redi/ros2_ws/build/my_cpp_pkg': CMAKE_PREFIX_PATH=${CMAKE_PREFIX_PATH}:/home/redi/ros2_ws/install/my_py_pkg:/opt/ros/foxy /usr/bin/cmake --build /home/redi/ros2_ws/build/my_cpp_pkg -- -j8 -l8
[0.082s] -- Found ament_cmake: 0.9.9 (/opt/ros/foxy/share/ament_cmake/cmake)
[0.122s] -- Using PYTHON_EXECUTABLE: /usr/bin/python3
[0.455s] -- Found rclcpp: 2.4.1 (/opt/ros/foxy/share/rclcpp/cmake)
[0.517s] -- Using all available rosidl_typesupport_c: rosidl_typesupport_fastrtps_c;rosidl_typesupport_introspection_c
[0.523s] -- Found rosidl_adapter: 1.2.1 (/opt/ros/foxy/share/rosidl_adapter/cmake)
[0.739s] -- Using all available rosidl_typesupport_cpp: rosidl_typesupport_fastrtps_cpp;rosidl_typesupport_introspection_cpp
[0.834s] -- Found rmw_implementation_cmake: 1.0.3 (/opt/ros/foxy/share/rmw_implementation_cmake/cmake)
[0.837s] -- Using RMW implementation 'rmw_fastrtps_cpp' as default
[1.113s] -- Found example_interfaces: 0.9.1 (/opt/ros/foxy/share/example_interfaces/cmake)
[1.443s] -- Configuring done
[1.511s] -- Generating done
[1.515s] -- Build files have been written to: /home/redi/ros2_ws/build/my_cpp_pkg
[1.618s] [ 11%] Built target cpp_node
[1.619s] [ 44%] Built target number_counter
[1.619s] [ 44%] Built target number_publisher
[1.620s] [ 66%] Built target add_two_ints_client_no_oop
[1.620s] [ 66%] Built target add_two_ints_client
[1.620s] [ 38%] Built target smartphone
[1.620s] [ 77%] Built target robot_news_station
[1.621s] [ 88%] Built target add_two_ints_server
[1.637s] [35m[1mScanning dependencies of target hardware_status_publisher[0m
[1.695s] [ 94%] [32mBuilding CXX object CMakeFiles/hardware_status_publisher.dir/src/hw_status_publisher.cpp.o[0m
[1.876s] [01m[K/home/redi/ros2_ws/src/my_cpp_pkg/src/hw_status_publisher.cpp:2:10:[m[K [01;31m[Kfatal error: [m[Kmy_robot_interfaces/msg/HardwareStatus.msg: No such file or directory
[1.877s]     2 | #include [01;31m[K"my_robot_interfaces/msg/HardwareStatus.msg"[m[K
[1.877s]       |          [01;31m[K^~~~~~~~~~~~~~~~~~~~~~~~~~~~~~~~~~~~~~~~~~~~[m[K
[1.877s] compilation terminated.
[1.879s] make[2]: *** [CMakeFiles/hardware_status_publisher.dir/build.make:63: CMakeFiles/hardware_status_publisher.dir/src/hw_status_publisher.cpp.o] Error 1
[1.880s] make[1]: *** [CMakeFiles/Makefile2:364: CMakeFiles/hardware_status_publisher.dir/all] Error 2
[1.880s] make: *** [Makefile:141: all] Error 2
[1.883s] Invoked command in '/home/redi/ros2_ws/build/my_cpp_pkg' returned '2': CMAKE_PREFIX_PATH=${CMAKE_PREFIX_PATH}:/home/redi/ros2_ws/install/my_py_pkg:/opt/ros/foxy /usr/bin/cmake --build /home/redi/ros2_ws/build/my_cpp_pkg -- -j8 -l8
